<?xml version="1.0" encoding="UTF-8"?>
<coverage generated="1612598637743" clover="3.2.0">
  <project timestamp="1612598637743" name="All files">
    <metrics statements="43" coveredstatements="43" conditionals="14" coveredconditionals="14" methods="10" coveredmethods="10" elements="67" coveredelements="67" complexity="0" loc="43" ncloc="43" packages="1" files="4" classes="4"/>
    <file name="getIntersection.js" path="D:\Мои документы\Дима\WebHeroScholl\Unit-tests\getIntersection.js">
      <metrics statements="14" coveredstatements="14" conditionals="6" coveredconditionals="6" methods="3" coveredmethods="3"/>
      <line num="16" count="9" type="stmt"/>
      <line num="17" count="9" type="stmt"/>
      <line num="19" count="9" type="stmt"/>
      <line num="20" count="37" type="stmt"/>
      <line num="22" count="37" type="cond" truecount="2" falsecount="0"/>
      <line num="23" count="17" type="stmt"/>
      <line num="24" count="17" type="stmt"/>
      <line num="29" count="13" type="cond" truecount="2" falsecount="0"/>
      <line num="30" count="5" type="stmt"/>
      <line num="32" count="8" type="cond" truecount="2" falsecount="0"/>
      <line num="33" count="4" type="stmt"/>
      <line num="36" count="4" type="stmt"/>
      <line num="39" count="9" type="stmt"/>
      <line num="42" count="1" type="stmt"/>
    </file>
    <file name="groupBy.js" path="D:\Мои документы\Дима\WebHeroScholl\Unit-tests\groupBy.js">
      <metrics statements="11" coveredstatements="11" conditionals="2" coveredconditionals="2" methods="1" coveredmethods="1"/>
      <line num="13" count="1" type="stmt"/>
      <line num="14" count="8" type="stmt"/>
      <line num="15" count="8" type="stmt"/>
      <line num="17" count="8" type="stmt"/>
      <line num="18" count="26" type="stmt"/>
      <line num="19" count="26" type="stmt"/>
      <line num="21" count="26" type="cond" truecount="2" falsecount="0"/>
      <line num="22" count="18" type="stmt"/>
      <line num="25" count="26" type="stmt"/>
      <line num="28" count="8" type="stmt"/>
      <line num="31" count="1" type="stmt"/>
    </file>
    <file name="limitCalls.js" path="D:\Мои документы\Дима\WebHeroScholl\Unit-tests\limitCalls.js">
      <metrics statements="7" coveredstatements="7" conditionals="2" coveredconditionals="2" methods="2" coveredmethods="2"/>
      <line num="23" count="3" type="stmt"/>
      <line num="25" count="3" type="stmt"/>
      <line num="26" count="5" type="cond" truecount="2" falsecount="0"/>
      <line num="27" count="2" type="stmt"/>
      <line num="29" count="2" type="stmt"/>
      <line num="32" count="3" type="stmt"/>
      <line num="36" count="1" type="stmt"/>
    </file>
    <file name="promiseAll.js" path="D:\Мои документы\Дима\WebHeroScholl\Unit-tests\promiseAll.js">
      <metrics statements="11" coveredstatements="11" conditionals="4" coveredconditionals="4" methods="4" coveredmethods="4"/>
      <line num="8" count="5" type="stmt"/>
      <line num="9" count="5" type="cond" truecount="2" falsecount="0"/>
      <line num="10" count="1" type="stmt"/>
      <line num="13" count="5" type="stmt"/>
      <line num="14" count="6" type="stmt"/>
      <line num="15" count="3" type="stmt"/>
      <line num="16" count="3" type="stmt"/>
      <line num="17" count="3" type="cond" truecount="2" falsecount="0"/>
      <line num="18" count="1" type="stmt"/>
      <line num="22" count="4" type="stmt"/>
      <line num="26" count="1" type="stmt"/>
    </file>
  </project>
</coverage>
