<?xml version="1.0" encoding="UTF-8"?>
<coverage generated="1613457319869" clover="3.2.0">
  <project timestamp="1613457319869" name="All files">
    <metrics statements="39" coveredstatements="39" conditionals="8" coveredconditionals="8" methods="13" coveredmethods="13" elements="60" coveredelements="60" complexity="0" loc="39" ncloc="39" packages="1" files="2" classes="2"/>
    <file name="makeRequests.js" path="D:\Мои документы\Дима\WebHeroScholl\Unit-tests\makeRequests.js">
      <metrics statements="35" coveredstatements="35" conditionals="8" coveredconditionals="8" methods="9" coveredmethods="9"/>
      <line num="1" count="1" type="stmt"/>
      <line num="23" count="1" type="stmt"/>
      <line num="24" count="11" type="stmt"/>
      <line num="25" count="11" type="stmt"/>
      <line num="26" count="25" type="cond" truecount="2" falsecount="0"/>
      <line num="27" count="2" type="stmt"/>
      <line num="28" count="2" type="stmt"/>
      <line num="29" count="2" type="stmt"/>
      <line num="32" count="23" type="stmt"/>
      <line num="33" count="23" type="stmt"/>
      <line num="34" count="23" type="stmt"/>
      <line num="35" count="23" type="stmt"/>
      <line num="37" count="11" type="stmt"/>
      <line num="38" count="11" type="stmt"/>
      <line num="40" count="11" type="stmt"/>
      <line num="41" count="17" type="stmt"/>
      <line num="42" count="16" type="stmt"/>
      <line num="43" count="19" type="stmt"/>
      <line num="45" count="16" type="stmt"/>
      <line num="46" count="16" type="stmt"/>
      <line num="49" count="11" type="stmt"/>
      <line num="50" count="1" type="stmt"/>
      <line num="53" count="11" type="stmt"/>
      <line num="54" count="32" type="cond" truecount="2" falsecount="0"/>
      <line num="55" count="1" type="stmt"/>
      <line num="56" count="1" type="stmt"/>
      <line num="59" count="26" type="cond" truecount="2" falsecount="0"/>
      <line num="60" count="18" type="stmt"/>
      <line num="62" count="18" type="cond" truecount="2" falsecount="0"/>
      <line num="63" count="17" type="stmt"/>
      <line num="68" count="17" type="stmt"/>
      <line num="69" count="17" type="stmt"/>
      <line num="72" count="18" type="stmt"/>
      <line num="76" count="11" type="stmt"/>
      <line num="80" count="1" type="stmt"/>
    </file>
    <file name="rejectOnTimeout.js" path="D:\Мои документы\Дима\WebHeroScholl\Unit-tests\rejectOnTimeout.js">
      <metrics statements="4" coveredstatements="4" conditionals="0" coveredconditionals="0" methods="4" coveredmethods="4"/>
      <line num="13" count="5" type="stmt"/>
      <line num="14" count="5" type="stmt"/>
      <line num="16" count="5" type="stmt"/>
      <line num="19" count="1" type="stmt"/>
    </file>
  </project>
</coverage>
