{"D:\\Мои документы\\учёба WebHero\\unit-tests\\getMinMax.js": {"path":"D:\\Мои документы\\учёба WebHero\\unit-tests\\getMinMax.js","statementMap":{"0":{"start":{"line":20,"column":19},"end":{"line":20,"column":39}},"1":{"start":{"line":22,"column":20},"end":{"line":24,"column":46}},"2":{"start":{"line":23,"column":22},"end":{"line":23,"column":39}},"3":{"start":{"line":24,"column":25},"end":{"line":24,"column":45}},"4":{"start":{"line":26,"column":4},"end":{"line":26,"column":68}},"5":{"start":{"line":29,"column":0},"end":{"line":29,"column":31}}},"fnMap":{"0":{"name":"getMinMax","decl":{"start":{"line":19,"column":9},"end":{"line":19,"column":18}},"loc":{"start":{"line":19,"column":26},"end":{"line":27,"column":1}},"line":19},"1":{"name":"(anonymous_1)","decl":{"start":{"line":23,"column":13},"end":{"line":23,"column":14}},"loc":{"start":{"line":23,"column":22},"end":{"line":23,"column":39}},"line":23},"2":{"name":"(anonymous_2)","decl":{"start":{"line":24,"column":16},"end":{"line":24,"column":17}},"loc":{"start":{"line":24,"column":25},"end":{"line":24,"column":45}},"line":24}},"branchMap":{},"s":{"0":12,"1":12,"2":145,"3":145,"4":12,"5":1},"f":{"0":12,"1":145,"2":145},"b":{},"_coverageSchema":"1a1c01bbd47fc00a2c39e90264f33305004495a9","hash":"b347685ae49d44a826e78bf41a9a9431765b94ca"}
,"D:\\Мои документы\\учёба WebHero\\unit-tests\\meanMode.js": {"path":"D:\\Мои документы\\учёба WebHero\\unit-tests\\meanMode.js","statementMap":{"0":{"start":{"line":24,"column":4},"end":{"line":26,"column":5}},"1":{"start":{"line":25,"column":8},"end":{"line":25,"column":21}},"2":{"start":{"line":28,"column":16},"end":{"line":28,"column":18}},"3":{"start":{"line":29,"column":17},"end":{"line":37,"column":26}},"4":{"start":{"line":30,"column":8},"end":{"line":34,"column":9}},"5":{"start":{"line":31,"column":12},"end":{"line":31,"column":30}},"6":{"start":{"line":33,"column":12},"end":{"line":33,"column":29}},"7":{"start":{"line":36,"column":8},"end":{"line":36,"column":29}},"8":{"start":{"line":38,"column":16},"end":{"line":41,"column":5}},"9":{"start":{"line":43,"column":4},"end":{"line":48,"column":5}},"10":{"start":{"line":44,"column":8},"end":{"line":47,"column":9}},"11":{"start":{"line":45,"column":12},"end":{"line":45,"column":33}},"12":{"start":{"line":46,"column":12},"end":{"line":46,"column":34}},"13":{"start":{"line":49,"column":4},"end":{"line":53,"column":5}},"14":{"start":{"line":50,"column":8},"end":{"line":52,"column":9}},"15":{"start":{"line":51,"column":12},"end":{"line":51,"column":25}},"16":{"start":{"line":55,"column":4},"end":{"line":55,"column":28}},"17":{"start":{"line":59,"column":0},"end":{"line":59,"column":30}}},"fnMap":{"0":{"name":"meanMode","decl":{"start":{"line":23,"column":9},"end":{"line":23,"column":17}},"loc":{"start":{"line":23,"column":27},"end":{"line":57,"column":1}},"line":23},"1":{"name":"(anonymous_1)","decl":{"start":{"line":29,"column":32},"end":{"line":29,"column":33}},"loc":{"start":{"line":29,"column":50},"end":{"line":37,"column":5}},"line":29}},"branchMap":{"0":{"loc":{"start":{"line":24,"column":4},"end":{"line":26,"column":5}},"type":"if","locations":[{"start":{"line":24,"column":4},"end":{"line":26,"column":5}},{"start":{"line":24,"column":4},"end":{"line":26,"column":5}}],"line":24},"1":{"loc":{"start":{"line":30,"column":8},"end":{"line":34,"column":9}},"type":"if","locations":[{"start":{"line":30,"column":8},"end":{"line":34,"column":9}},{"start":{"line":30,"column":8},"end":{"line":34,"column":9}}],"line":30},"2":{"loc":{"start":{"line":44,"column":8},"end":{"line":47,"column":9}},"type":"if","locations":[{"start":{"line":44,"column":8},"end":{"line":47,"column":9}},{"start":{"line":44,"column":8},"end":{"line":47,"column":9}}],"line":44},"3":{"loc":{"start":{"line":50,"column":8},"end":{"line":52,"column":9}},"type":"if","locations":[{"start":{"line":50,"column":8},"end":{"line":52,"column":9}},{"start":{"line":50,"column":8},"end":{"line":52,"column":9}}],"line":50},"4":{"loc":{"start":{"line":50,"column":12},"end":{"line":50,"column":61}},"type":"binary-expr","locations":[{"start":{"line":50,"column":12},"end":{"line":50,"column":34}},{"start":{"line":50,"column":38},"end":{"line":50,"column":61}}],"line":50}},"s":{"0":5,"1":1,"2":4,"3":4,"4":14,"5":4,"6":10,"7":14,"8":4,"9":4,"10":10,"11":5,"12":5,"13":4,"14":9,"15":1,"16":3,"17":1},"f":{"0":5,"1":14},"b":{"0":[1,4],"1":[4,10],"2":[5,5],"3":[1,8],"4":[9,5]},"_coverageSchema":"1a1c01bbd47fc00a2c39e90264f33305004495a9","hash":"6e966b9101236721f2b2969e05a8f2f373d28b62"}
,"D:\\Мои документы\\учёба WebHero\\unit-tests\\passwordCheck.js": {"path":"D:\\Мои документы\\учёба WebHero\\unit-tests\\passwordCheck.js","statementMap":{"0":{"start":{"line":23,"column":22},"end":{"line":23,"column":45}},"1":{"start":{"line":24,"column":24},"end":{"line":24,"column":47}},"2":{"start":{"line":25,"column":25},"end":{"line":25,"column":48}},"3":{"start":{"line":26,"column":23},"end":{"line":26,"column":57}},"4":{"start":{"line":28,"column":4},"end":{"line":28,"column":91}},"5":{"start":{"line":31,"column":0},"end":{"line":31,"column":35}}},"fnMap":{"0":{"name":"passwordCheck","decl":{"start":{"line":22,"column":9},"end":{"line":22,"column":22}},"loc":{"start":{"line":22,"column":33},"end":{"line":29,"column":1}},"line":22}},"branchMap":{"0":{"loc":{"start":{"line":28,"column":11},"end":{"line":28,"column":90}},"type":"binary-expr","locations":[{"start":{"line":28,"column":11},"end":{"line":28,"column":32}},{"start":{"line":28,"column":36},"end":{"line":28,"column":45}},{"start":{"line":28,"column":49},"end":{"line":28,"column":60}},{"start":{"line":28,"column":64},"end":{"line":28,"column":76}},{"start":{"line":28,"column":80},"end":{"line":28,"column":90}}],"line":28}},"s":{"0":15,"1":15,"2":15,"3":15,"4":15,"5":1},"f":{"0":15},"b":{"0":[15,4,2,2,2]},"_coverageSchema":"1a1c01bbd47fc00a2c39e90264f33305004495a9","hash":"98146c6ead7e1144b5ca6ccaa508ecd8434e233a"}
,"D:\\Мои документы\\учёба WebHero\\unit-tests\\rle.js": {"path":"D:\\Мои документы\\учёба WebHero\\unit-tests\\rle.js","statementMap":{"0":{"start":{"line":17,"column":4},"end":{"line":17,"column":107}},"1":{"start":{"line":17,"column":47},"end":{"line":17,"column":95}},"2":{"start":{"line":20,"column":0},"end":{"line":20,"column":25}}},"fnMap":{"0":{"name":"rle","decl":{"start":{"line":16,"column":9},"end":{"line":16,"column":12}},"loc":{"start":{"line":16,"column":20},"end":{"line":18,"column":1}},"line":16},"1":{"name":"(anonymous_1)","decl":{"start":{"line":17,"column":38},"end":{"line":17,"column":39}},"loc":{"start":{"line":17,"column":47},"end":{"line":17,"column":95}},"line":17}},"branchMap":{"0":{"loc":{"start":{"line":17,"column":47},"end":{"line":17,"column":95}},"type":"cond-expr","locations":[{"start":{"line":17,"column":67},"end":{"line":17,"column":88}},{"start":{"line":17,"column":91},"end":{"line":17,"column":95}}],"line":17}},"s":{"0":5,"1":16,"2":1},"f":{"0":5,"1":16},"b":{"0":[7,9]},"_coverageSchema":"1a1c01bbd47fc00a2c39e90264f33305004495a9","hash":"d124453e0cccef8ebc7d702c2d6cc31acf50b603"}
,"D:\\Мои документы\\учёба WebHero\\unit-tests\\sum.js": {"path":"D:\\Мои документы\\учёба WebHero\\unit-tests\\sum.js","statementMap":{"0":{"start":{"line":15,"column":4},"end":{"line":17,"column":5}},"1":{"start":{"line":16,"column":8},"end":{"line":16,"column":17}},"2":{"start":{"line":19,"column":21},"end":{"line":19,"column":30}},"3":{"start":{"line":22,"column":8},"end":{"line":24,"column":9}},"4":{"start":{"line":23,"column":12},"end":{"line":23,"column":30}},"5":{"start":{"line":26,"column":8},"end":{"line":26,"column":32}},"6":{"start":{"line":28,"column":8},"end":{"line":28,"column":20}},"7":{"start":{"line":31,"column":4},"end":{"line":31,"column":16}},"8":{"start":{"line":35,"column":0},"end":{"line":35,"column":25}}},"fnMap":{"0":{"name":"sum","decl":{"start":{"line":14,"column":9},"end":{"line":14,"column":12}},"loc":{"start":{"line":14,"column":16},"end":{"line":33,"column":1}},"line":14},"1":{"name":"plus","decl":{"start":{"line":21,"column":13},"end":{"line":21,"column":17}},"loc":{"start":{"line":21,"column":21},"end":{"line":29,"column":5}},"line":21}},"branchMap":{"0":{"loc":{"start":{"line":15,"column":4},"end":{"line":17,"column":5}},"type":"if","locations":[{"start":{"line":15,"column":4},"end":{"line":17,"column":5}},{"start":{"line":15,"column":4},"end":{"line":17,"column":5}}],"line":15},"1":{"loc":{"start":{"line":22,"column":8},"end":{"line":24,"column":9}},"type":"if","locations":[{"start":{"line":22,"column":8},"end":{"line":24,"column":9}},{"start":{"line":22,"column":8},"end":{"line":24,"column":9}}],"line":22}},"s":{"0":6,"1":1,"2":5,"3":10,"4":5,"5":5,"6":5,"7":5,"8":1},"f":{"0":6,"1":10},"b":{"0":[1,5],"1":[5,5]},"_coverageSchema":"1a1c01bbd47fc00a2c39e90264f33305004495a9","hash":"783cd218d630221f0a161d03a436523007b83aba"}
}
