{"D:\\Мои документы\\Дима\\WebHeroScholl\\Unit-tests\\getIntersection.js": {"path":"D:\\Мои документы\\Дима\\WebHeroScholl\\Unit-tests\\getIntersection.js","statementMap":{"0":{"start":{"line":16,"column":16},"end":{"line":16,"column":18}},"1":{"start":{"line":17,"column":17},"end":{"line":17,"column":28}},"2":{"start":{"line":19,"column":4},"end":{"line":26,"column":7}},"3":{"start":{"line":20,"column":20},"end":{"line":20,"column":38}},"4":{"start":{"line":22,"column":8},"end":{"line":25,"column":9}},"5":{"start":{"line":23,"column":12},"end":{"line":23,"column":32}},"6":{"start":{"line":24,"column":12},"end":{"line":24,"column":27}},"7":{"start":{"line":29,"column":8},"end":{"line":31,"column":9}},"8":{"start":{"line":30,"column":12},"end":{"line":30,"column":21}},"9":{"start":{"line":32,"column":8},"end":{"line":34,"column":9}},"10":{"start":{"line":33,"column":12},"end":{"line":33,"column":22}},"11":{"start":{"line":36,"column":8},"end":{"line":36,"column":17}},"12":{"start":{"line":39,"column":4},"end":{"line":39,"column":31}},"13":{"start":{"line":42,"column":0},"end":{"line":42,"column":37}}},"fnMap":{"0":{"name":"getIntersection","decl":{"start":{"line":15,"column":9},"end":{"line":15,"column":24}},"loc":{"start":{"line":15,"column":40},"end":{"line":40,"column":1}},"line":15},"1":{"name":"(anonymous_1)","decl":{"start":{"line":19,"column":18},"end":{"line":19,"column":19}},"loc":{"start":{"line":19,"column":26},"end":{"line":26,"column":5}},"line":19},"2":{"name":"sortRules","decl":{"start":{"line":28,"column":13},"end":{"line":28,"column":22}},"loc":{"start":{"line":28,"column":29},"end":{"line":37,"column":5}},"line":28}},"branchMap":{"0":{"loc":{"start":{"line":22,"column":8},"end":{"line":25,"column":9}},"type":"if","locations":[{"start":{"line":22,"column":8},"end":{"line":25,"column":9}},{"start":{"line":22,"column":8},"end":{"line":25,"column":9}}],"line":22},"1":{"loc":{"start":{"line":29,"column":8},"end":{"line":31,"column":9}},"type":"if","locations":[{"start":{"line":29,"column":8},"end":{"line":31,"column":9}},{"start":{"line":29,"column":8},"end":{"line":31,"column":9}}],"line":29},"2":{"loc":{"start":{"line":32,"column":8},"end":{"line":34,"column":9}},"type":"if","locations":[{"start":{"line":32,"column":8},"end":{"line":34,"column":9}},{"start":{"line":32,"column":8},"end":{"line":34,"column":9}}],"line":32}},"s":{"0":9,"1":9,"2":9,"3":37,"4":37,"5":17,"6":17,"7":13,"8":5,"9":8,"10":4,"11":4,"12":9,"13":1},"f":{"0":9,"1":37,"2":13},"b":{"0":[17,20],"1":[5,8],"2":[4,4]},"_coverageSchema":"1a1c01bbd47fc00a2c39e90264f33305004495a9","hash":"922ab0398f1ca2fada661d273d7ec75ec06c39cf"}
,"D:\\Мои документы\\Дима\\WebHeroScholl\\Unit-tests\\groupBy.js": {"path":"D:\\Мои документы\\Дима\\WebHeroScholl\\Unit-tests\\groupBy.js","statementMap":{"0":{"start":{"line":13,"column":16},"end":{"line":29,"column":1}},"1":{"start":{"line":14,"column":19},"end":{"line":14,"column":21}},"2":{"start":{"line":15,"column":17},"end":{"line":15,"column":33}},"3":{"start":{"line":17,"column":4},"end":{"line":26,"column":5}},"4":{"start":{"line":17,"column":17},"end":{"line":17,"column":18}},"5":{"start":{"line":18,"column":20},"end":{"line":18,"column":27}},"6":{"start":{"line":19,"column":27},"end":{"line":19,"column":49}},"7":{"start":{"line":21,"column":8},"end":{"line":23,"column":9}},"8":{"start":{"line":22,"column":12},"end":{"line":22,"column":36}},"9":{"start":{"line":25,"column":8},"end":{"line":25,"column":42}},"10":{"start":{"line":28,"column":4},"end":{"line":28,"column":18}},"11":{"start":{"line":31,"column":0},"end":{"line":31,"column":29}}},"fnMap":{"0":{"name":"(anonymous_0)","decl":{"start":{"line":13,"column":16},"end":{"line":13,"column":17}},"loc":{"start":{"line":13,"column":29},"end":{"line":29,"column":1}},"line":13}},"branchMap":{"0":{"loc":{"start":{"line":21,"column":8},"end":{"line":23,"column":9}},"type":"if","locations":[{"start":{"line":21,"column":8},"end":{"line":23,"column":9}},{"start":{"line":21,"column":8},"end":{"line":23,"column":9}}],"line":21}},"s":{"0":1,"1":8,"2":8,"3":8,"4":8,"5":26,"6":26,"7":26,"8":18,"9":26,"10":8,"11":1},"f":{"0":8},"b":{"0":[18,8]},"_coverageSchema":"1a1c01bbd47fc00a2c39e90264f33305004495a9","hash":"ddae36e8ce5156ee407d31fc3ca26ff0601644c8"}
,"D:\\Мои документы\\Дима\\WebHeroScholl\\Unit-tests\\limitCalls.js": {"path":"D:\\Мои документы\\Дима\\WebHeroScholl\\Unit-tests\\limitCalls.js","statementMap":{"0":{"start":{"line":23,"column":16},"end":{"line":23,"column":24}},"1":{"start":{"line":25,"column":4},"end":{"line":33,"column":6}},"2":{"start":{"line":26,"column":8},"end":{"line":30,"column":9}},"3":{"start":{"line":27,"column":12},"end":{"line":27,"column":23}},"4":{"start":{"line":29,"column":12},"end":{"line":29,"column":24}},"5":{"start":{"line":32,"column":8},"end":{"line":32,"column":25}},"6":{"start":{"line":36,"column":0},"end":{"line":36,"column":32}}},"fnMap":{"0":{"name":"limitCalls","decl":{"start":{"line":22,"column":9},"end":{"line":22,"column":19}},"loc":{"start":{"line":22,"column":34},"end":{"line":34,"column":1}},"line":22},"1":{"name":"(anonymous_1)","decl":{"start":{"line":25,"column":11},"end":{"line":25,"column":12}},"loc":{"start":{"line":25,"column":17},"end":{"line":33,"column":5}},"line":25}},"branchMap":{"0":{"loc":{"start":{"line":26,"column":8},"end":{"line":30,"column":9}},"type":"if","locations":[{"start":{"line":26,"column":8},"end":{"line":30,"column":9}},{"start":{"line":26,"column":8},"end":{"line":30,"column":9}}],"line":26}},"s":{"0":3,"1":3,"2":5,"3":2,"4":2,"5":3,"6":1},"f":{"0":3,"1":5},"b":{"0":[2,3]},"_coverageSchema":"1a1c01bbd47fc00a2c39e90264f33305004495a9","hash":"361fe86198c1f84fcb814569daf1fdcbecbcd468"}
,"D:\\Мои документы\\Дима\\WebHeroScholl\\Unit-tests\\promiseAll.js": {"path":"D:\\Мои документы\\Дима\\WebHeroScholl\\Unit-tests\\promiseAll.js","statementMap":{"0":{"start":{"line":8,"column":19},"end":{"line":24,"column":2}},"1":{"start":{"line":8,"column":31},"end":{"line":24,"column":2}},"2":{"start":{"line":9,"column":4},"end":{"line":11,"column":5}},"3":{"start":{"line":10,"column":8},"end":{"line":10,"column":28}},"4":{"start":{"line":13,"column":4},"end":{"line":23,"column":47}},"5":{"start":{"line":14,"column":8},"end":{"line":20,"column":25}},"6":{"start":{"line":15,"column":12},"end":{"line":15,"column":34}},"7":{"start":{"line":16,"column":12},"end":{"line":16,"column":27}},"8":{"start":{"line":17,"column":12},"end":{"line":19,"column":13}},"9":{"start":{"line":18,"column":16},"end":{"line":18,"column":36}},"10":{"start":{"line":22,"column":8},"end":{"line":22,"column":19}},"11":{"start":{"line":26,"column":0},"end":{"line":26,"column":32}}},"fnMap":{"0":{"name":"(anonymous_0)","decl":{"start":{"line":8,"column":19},"end":{"line":8,"column":20}},"loc":{"start":{"line":8,"column":31},"end":{"line":24,"column":2}},"line":8},"1":{"name":"(anonymous_1)","decl":{"start":{"line":8,"column":43},"end":{"line":8,"column":44}},"loc":{"start":{"line":8,"column":64},"end":{"line":24,"column":1}},"line":8},"2":{"name":"(anonymous_2)","decl":{"start":{"line":13,"column":20},"end":{"line":13,"column":21}},"loc":{"start":{"line":13,"column":40},"end":{"line":23,"column":5}},"line":13},"3":{"name":"(anonymous_3)","decl":{"start":{"line":14,"column":18},"end":{"line":14,"column":19}},"loc":{"start":{"line":14,"column":25},"end":{"line":20,"column":9}},"line":14}},"branchMap":{"0":{"loc":{"start":{"line":9,"column":4},"end":{"line":11,"column":5}},"type":"if","locations":[{"start":{"line":9,"column":4},"end":{"line":11,"column":5}},{"start":{"line":9,"column":4},"end":{"line":11,"column":5}}],"line":9},"1":{"loc":{"start":{"line":17,"column":12},"end":{"line":19,"column":13}},"type":"if","locations":[{"start":{"line":17,"column":12},"end":{"line":19,"column":13}},{"start":{"line":17,"column":12},"end":{"line":19,"column":13}}],"line":17}},"s":{"0":1,"1":5,"2":5,"3":1,"4":5,"5":6,"6":3,"7":3,"8":3,"9":1,"10":4,"11":1},"f":{"0":5,"1":5,"2":6,"3":3},"b":{"0":[1,4],"1":[1,2]},"_coverageSchema":"1a1c01bbd47fc00a2c39e90264f33305004495a9","hash":"37a2ec1543f772b173726fcee8fe4c2d1c25d0b0"}
}
