TN:
SF:makeRequests.js
FN:23,(anonymous_0)
FN:25,(anonymous_1)
FN:40,(anonymous_2)
FN:41,(anonymous_3)
FN:41,(anonymous_4)
FN:43,(anonymous_5)
FN:49,(anonymous_6)
FN:53,(anonymous_7)
FN:54,(anonymous_8)
FNF:9
FNH:5
FNDA:2,(anonymous_0)
FNDA:4,(anonymous_1)
FNDA:2,(anonymous_2)
FNDA:2,(anonymous_3)
FNDA:0,(anonymous_4)
FNDA:0,(anonymous_5)
FNDA:0,(anonymous_6)
FNDA:2,(anonymous_7)
FNDA:0,(anonymous_8)
DA:1,1
DA:23,1
DA:24,2
DA:25,2
DA:26,4
DA:27,1
DA:28,1
DA:29,1
DA:32,3
DA:33,3
DA:34,3
DA:35,3
DA:37,2
DA:38,2
DA:40,2
DA:41,2
DA:42,0
DA:43,0
DA:45,0
DA:46,0
DA:49,2
DA:50,0
DA:53,2
DA:54,2
DA:55,0
DA:56,0
DA:59,2
DA:60,2
DA:62,2
DA:63,2
DA:68,2
DA:69,2
DA:72,2
DA:76,2
DA:80,1
LF:35
LH:28
BRDA:26,0,0,1
BRDA:26,0,1,3
BRDA:54,1,0,0
BRDA:54,1,1,2
BRDA:59,2,0,4
BRDA:59,2,1,2
BRDA:62,3,0,2
BRDA:62,3,1,0
BRF:8
BRH:6
end_of_record
